{
  "stats": {
    "suites": 0,
    "tests": 6,
    "passes": 6,
    "pending": 0,
    "failures": 0,
    "start": "2020-04-12T12:29:39.246Z",
    "end": "2020-04-12T12:29:39.259Z",
    "duration": 13,
    "testsRegistered": 6,
    "passPercent": 100,
    "pendingPercent": 0,
    "other": 0,
    "hasOther": false,
    "skipped": 0,
    "hasSkipped": false
  },
  "results": [
    {
      "uuid": "0501c7ca-fa71-4baf-b497-b846c1f1b909",
      "title": "",
      "fullFile": "",
      "file": "",
      "beforeHooks": [],
      "afterHooks": [],
      "tests": [
        {
          "title": "correctly calculates the sum of 1 and 3",
          "fullTitle": "correctly calculates the sum of 1 and 3",
          "timedOut": false,
          "duration": 0,
          "state": "passed",
          "speed": "fast",
          "pass": true,
          "fail": false,
          "pending": false,
          "context": null,
          "code": "assert.equal(operations.add(1, 3), 4)",
          "err": {},
          "uuid": "b5d18543-6ff1-4570-8f00-64bd97adb19e",
          "parentUUID": "0501c7ca-fa71-4baf-b497-b846c1f1b909",
          "isHook": false,
          "skipped": false
        },
        {
          "title": "correctly calculates the sum of -1 and -1",
          "fullTitle": "correctly calculates the sum of -1 and -1",
          "timedOut": false,
          "duration": 0,
          "state": "passed",
          "speed": "fast",
          "pass": true,
          "fail": false,
          "pending": false,
          "context": null,
          "code": "assert.equal(operations.add(-1, -1), -2)",
          "err": {},
          "uuid": "1d5cefe2-a1f3-400e-b637-056c54268613",
          "parentUUID": "0501c7ca-fa71-4baf-b497-b846c1f1b909",
          "isHook": false,
          "skipped": false
        },
        {
          "title": "correctly calculates the product of 12 and 12",
          "fullTitle": "correctly calculates the product of 12 and 12",
          "timedOut": false,
          "duration": 0,
          "state": "passed",
          "speed": "fast",
          "pass": true,
          "fail": false,
          "pending": false,
          "context": null,
          "code": "assert.equal(operations.multiply(12, 12), 144)",
          "err": {},
          "uuid": "c326991c-772d-456f-88e3-ebf61afde31d",
          "parentUUID": "0501c7ca-fa71-4baf-b497-b846c1f1b909",
          "isHook": false,
          "skipped": false
        },
        {
          "title": "indicates failure when a string is used instead of a number",
          "fullTitle": "indicates failure when a string is used instead of a number",
          "timedOut": false,
          "duration": 0,
          "state": "passed",
          "speed": "fast",
          "pass": true,
          "fail": false,
          "pending": false,
          "context": null,
          "code": "assert.equal(operations.validateNumbers('sammy', 5), false)",
          "err": {},
          "uuid": "6af6e4f1-81b6-4db3-a523-c89ee5f33eda",
          "parentUUID": "0501c7ca-fa71-4baf-b497-b846c1f1b909",
          "isHook": false,
          "skipped": false
        },
        {
          "title": "indicates failure when two strings is used instead of numbers",
          "fullTitle": "indicates failure when two strings is used instead of numbers",
          "timedOut": false,
          "duration": 0,
          "state": "passed",
          "speed": "fast",
          "pass": true,
          "fail": false,
          "pending": false,
          "context": null,
          "code": "assert.equal(operations.validateNumbers('sammy', 'sammy'), false)",
          "err": {},
          "uuid": "62f97632-8dee-42c8-9807-3bff82b08c75",
          "parentUUID": "0501c7ca-fa71-4baf-b497-b846c1f1b909",
          "isHook": false,
          "skipped": false
        },
        {
          "title": "successfully runs when two numbers are used",
          "fullTitle": "successfully runs when two numbers are used",
          "timedOut": false,
          "duration": 0,
          "state": "passed",
          "speed": "fast",
          "pass": true,
          "fail": false,
          "pending": false,
          "context": null,
          "code": "assert.equal(operations.validateNumbers(5, 5), true)",
          "err": {},
          "uuid": "84c3856f-991c-4272-aaf3-d26fc6e8f2a0",
          "parentUUID": "0501c7ca-fa71-4baf-b497-b846c1f1b909",
          "isHook": false,
          "skipped": false
        }
      ],
      "suites": [],
      "passes": [
        "b5d18543-6ff1-4570-8f00-64bd97adb19e",
        "1d5cefe2-a1f3-400e-b637-056c54268613",
        "c326991c-772d-456f-88e3-ebf61afde31d",
        "6af6e4f1-81b6-4db3-a523-c89ee5f33eda",
        "62f97632-8dee-42c8-9807-3bff82b08c75",
        "84c3856f-991c-4272-aaf3-d26fc6e8f2a0"
      ],
      "failures": [],
      "pending": [],
      "skipped": [],
      "duration": 0,
      "root": true,
      "rootEmpty": false,
      "_timeout": 2000
    }
  ],
  "meta": {
    "mocha": {
      "version": "7.1.1"
    },
    "mochawesome": {
      "options": {
        "quiet": false,
        "reportFilename": "mochawesome",
        "saveHtml": true,
        "saveJson": true,
        "consoleReporter": "spec",
        "useInlineDiffs": false,
        "code": true
      },
      "version": "6.0.0"
    },
    "marge": {
      "options": null,
      "version": "5.0.0"
    }
  }
}