{
  "stats": {
    "suites": 0,
    "tests": 6,
    "passes": 6,
    "pending": 0,
    "failures": 0,
    "start": "2020-04-12T11:28:38.880Z",
    "end": "2020-04-12T11:28:38.895Z",
    "duration": 15,
    "testsRegistered": 6,
    "passPercent": 100,
    "pendingPercent": 0,
    "other": 0,
    "hasOther": false,
    "skipped": 0,
    "hasSkipped": false
  },
  "results": [
    {
      "uuid": "b0135622-137f-4dba-9edc-cad71bfa145c",
      "title": "",
      "fullFile": "",
      "file": "",
      "beforeHooks": [],
      "afterHooks": [],
      "tests": [
        {
          "title": "correctly calculates the sum of 1 and 3",
          "fullTitle": "correctly calculates the sum of 1 and 3",
          "timedOut": false,
          "duration": 0,
          "state": "passed",
          "speed": "fast",
          "pass": true,
          "fail": false,
          "pending": false,
          "context": null,
          "code": "assert.equal(operations.add(1, 3), 4)",
          "err": {},
          "uuid": "cfabd0eb-502e-4258-9168-a32ae89e5015",
          "parentUUID": "b0135622-137f-4dba-9edc-cad71bfa145c",
          "isHook": false,
          "skipped": false
        },
        {
          "title": "correctly calculates the sum of -1 and -1",
          "fullTitle": "correctly calculates the sum of -1 and -1",
          "timedOut": false,
          "duration": 0,
          "state": "passed",
          "speed": "fast",
          "pass": true,
          "fail": false,
          "pending": false,
          "context": null,
          "code": "assert.equal(operations.add(-1, -1), -2)",
          "err": {},
          "uuid": "7afec62a-bd61-4ce3-adb0-b442a22a2f32",
          "parentUUID": "b0135622-137f-4dba-9edc-cad71bfa145c",
          "isHook": false,
          "skipped": false
        },
        {
          "title": "correctly calculates the product of 12 and 12",
          "fullTitle": "correctly calculates the product of 12 and 12",
          "timedOut": false,
          "duration": 0,
          "state": "passed",
          "speed": "fast",
          "pass": true,
          "fail": false,
          "pending": false,
          "context": null,
          "code": "assert.equal(operations.multiply(12, 12), 144)",
          "err": {},
          "uuid": "f41ccd27-5549-4326-a84d-4391f58ecba3",
          "parentUUID": "b0135622-137f-4dba-9edc-cad71bfa145c",
          "isHook": false,
          "skipped": false
        },
        {
          "title": "indicates failure when a string is used instead of a number",
          "fullTitle": "indicates failure when a string is used instead of a number",
          "timedOut": false,
          "duration": 1,
          "state": "passed",
          "speed": "fast",
          "pass": true,
          "fail": false,
          "pending": false,
          "context": null,
          "code": "assert.equal(operations.validateNumbers('sammy', 5), false)",
          "err": {},
          "uuid": "3c7f5f88-ae0c-4286-b1cb-74da54d11e43",
          "parentUUID": "b0135622-137f-4dba-9edc-cad71bfa145c",
          "isHook": false,
          "skipped": false
        },
        {
          "title": "indicates failure when two strings is used instead of numbers",
          "fullTitle": "indicates failure when two strings is used instead of numbers",
          "timedOut": false,
          "duration": 0,
          "state": "passed",
          "speed": "fast",
          "pass": true,
          "fail": false,
          "pending": false,
          "context": null,
          "code": "assert.equal(operations.validateNumbers('sammy', 'sammy'), false)",
          "err": {},
          "uuid": "e35143da-b6a9-4ce4-a4cd-95bee67d927d",
          "parentUUID": "b0135622-137f-4dba-9edc-cad71bfa145c",
          "isHook": false,
          "skipped": false
        },
        {
          "title": "successfully runs when two numbers are used",
          "fullTitle": "successfully runs when two numbers are used",
          "timedOut": false,
          "duration": 0,
          "state": "passed",
          "speed": "fast",
          "pass": true,
          "fail": false,
          "pending": false,
          "context": null,
          "code": "assert.equal(operations.validateNumbers(5, 5), true)",
          "err": {},
          "uuid": "67f59264-5644-499b-85b5-ceb1110f9ede",
          "parentUUID": "b0135622-137f-4dba-9edc-cad71bfa145c",
          "isHook": false,
          "skipped": false
        }
      ],
      "suites": [],
      "passes": [
        "cfabd0eb-502e-4258-9168-a32ae89e5015",
        "7afec62a-bd61-4ce3-adb0-b442a22a2f32",
        "f41ccd27-5549-4326-a84d-4391f58ecba3",
        "3c7f5f88-ae0c-4286-b1cb-74da54d11e43",
        "e35143da-b6a9-4ce4-a4cd-95bee67d927d",
        "67f59264-5644-499b-85b5-ceb1110f9ede"
      ],
      "failures": [],
      "pending": [],
      "skipped": [],
      "duration": 1,
      "root": true,
      "rootEmpty": false,
      "_timeout": 2000
    }
  ],
  "meta": {
    "mocha": {
      "version": "7.1.1"
    },
    "mochawesome": {
      "options": {
        "quiet": false,
        "reportFilename": "mochawesome",
        "saveHtml": true,
        "saveJson": true,
        "consoleReporter": "spec",
        "useInlineDiffs": false,
        "code": true
      },
      "version": "6.0.0"
    },
    "marge": {
      "options": null,
      "version": "5.0.0"
    }
  }
}